<?xml version="1.0" encoding="UTF-8"?>
<!-- Generated by org.testng.reporters.JUnitReportReporter -->
<testsuite hostname="DESKTOP-BGRVJ7U" name="com.testcases.TestDemo" tests="2" failures="0" timestamp="31 Aug 2020 10:18:49 GMT" time="51.680" errors="0">
  <testcase name="validateCRMlogo" time="29.345" classname="com.testcases.TestDemo"/>
  <testcase name="validateLoginPageTile" time="22.335" classname="com.testcases.TestDemo"/>
</testsuite> <!-- com.testcases.TestDemo -->
